# JRE version: Java(TM) SE Runtime Environment (8.0_45-b14) (build 1.8.0_45-b14)
# Java VM: Java HotSpot(TM) 64-Bit Server VM (25.45-b02 mixed mode linux-amd64 compressed oops)
Heap:
 PSYoungGen      total 31744K, used 12666K [0x000000076c700000, 0x000000076e800000, 0x00000007c0000000)
  eden space 29696K, 38% used [0x000000076c700000,0x000000076d2469c8,0x000000076e400000)
  from space 2048K, 54% used [0x000000076e400000,0x000000076e518160,0x000000076e600000)
  to   space 2048K, 0% used [0x000000076e600000,0x000000076e600000,0x000000076e800000)
 ParOldGen       total 75776K, used 33083K [0x00000006c5400000, 0x00000006c9e00000, 0x000000076c700000)
  object space 75776K, 43% used [0x00000006c5400000,0x00000006c744eea0,0x00000006c9e00000)
 Metaspace       used 29152K, capacity 29393K, committed 29744K, reserved 1075200K
  class space    used 3482K, capacity 3562K, committed 3632K, reserved 1048576K
GC Heap History (10 events):
Event: 1095341.810 GC heap before
{Heap before GC invocations=792 (full 1):
 PSYoungGen      total 31232K, used 31216K [0x000000076c700000, 0x000000076e680000, 0x00000007c0000000)
  eden space 30720K, 100% used [0x000000076c700000,0x000000076e500000,0x000000076e500000)
  from space 512K, 96% used [0x000000076e600000,0x000000076e67c070,0x000000076e680000)
  to   space 512K, 0% used [0x000000076e580000,0x000000076e580000,0x000000076e600000)
 ParOldGen       total 75776K, used 28532K [0x00000006c5400000, 0x00000006c9e00000, 0x000000076c700000)
  object space 75776K, 37% used [0x00000006c5400000,0x00000006c6fdd2b0,0x00000006c9e00000)
 Metaspace       used 29014K, capacity 29265K, committed 29488K, reserved 1075200K
  class space    used 3482K, capacity 3562K, committed 3632K, reserved 1048576K
Event: 1095341.816 GC heap after
Heap after GC invocations=792 (full 1):
 PSYoungGen      total 31232K, used 384K [0x000000076c700000, 0x000000076e680000, 0x00000007c0000000)
  eden space 30720K, 0% used [0x000000076c700000,0x000000076c700000,0x000000076e500000)
  from space 512K, 75% used [0x000000076e580000,0x000000076e5e0060,0x000000076e600000)
  to   space 512K, 0% used [0x000000076e600000,0x000000076e600000,0x000000076e680000)
 ParOldGen       total 75776K, used 28796K [0x00000006c5400000, 0x00000006c9e00000, 0x000000076c700000)
  object space 75776K, 38% used [0x00000006c5400000,0x00000006c701f350,0x00000006c9e00000)
 Metaspace       used 29014K, capacity 29265K, committed 29488K, reserved 1075200K
  class space    used 3482K, capacity 3562K, committed 3632K, reserved 1048576K
}
Event: 1095704.868 GC heap before
{Heap before GC invocations=793 (full 1):
 PSYoungGen      total 31232K, used 31104K [0x000000076c700000, 0x000000076e680000, 0x00000007c0000000)
  eden space 30720K, 100% used [0x000000076c700000,0x000000076e500000,0x000000076e500000)
  from space 512K, 75% used [0x000000076e580000,0x000000076e5e0060,0x000000076e600000)
  to   space 512K, 0% used [0x000000076e600000,0x000000076e600000,0x000000076e680000)
 ParOldGen       total 75776K, used 28796K [0x00000006c5400000, 0x00000006c9e00000, 0x000000076c700000)
  object space 75776K, 38% used [0x00000006c5400000,0x00000006c701f350,0x00000006c9e00000)
 Metaspace       used 29047K, capacity 29329K, committed 29744K, reserved 1075200K
  class space    used 3482K, capacity 3562K, committed 3632K, reserved 1048576K
Event: 1095704.874 GC heap after
Heap after GC invocations=793 (full 1):
 PSYoungGen      total 31232K, used 480K [0x000000076c700000, 0x000000076e700000, 0x00000007c0000000)
  eden space 30720K, 0% used [0x000000076c700000,0x000000076c700000,0x000000076e500000)
  from space 512K, 93% used [0x000000076e600000,0x000000076e6780b0,0x000000076e680000)
  to   space 1024K, 0% used [0x000000076e500000,0x000000076e500000,0x000000076e600000)
 ParOldGen       total 75776K, used 29133K [0x00000006c5400000, 0x00000006c9e00000, 0x000000076c700000)
  object space 75776K, 38% used [0x00000006c5400000,0x00000006c7073430,0x00000006c9e00000)
 Metaspace       used 29047K, capacity 29329K, committed 29744K, reserved 1075200K
  class space    used 3482K, capacity 3562K, committed 3632K, reserved 1048576K
}
Event: 1096084.843 GC heap before
{Heap before GC invocations=794 (full 1):
 PSYoungGen      total 31232K, used 31200K [0x000000076c700000, 0x000000076e700000, 0x00000007c0000000)
  eden space 30720K, 100% used [0x000000076c700000,0x000000076e500000,0x000000076e500000)
  from space 512K, 93% used [0x000000076e600000,0x000000076e6780b0,0x000000076e680000)
  to   space 1024K, 0% used [0x000000076e500000,0x000000076e500000,0x000000076e600000)
 ParOldGen       total 75776K, used 29133K [0x00000006c5400000, 0x00000006c9e00000, 0x000000076c700000)
  object space 75776K, 38% used [0x00000006c5400000,0x00000006c7073430,0x00000006c9e00000)
 Metaspace       used 29061K, capacity 29329K, committed 29744K, reserved 1075200K
  class space    used 3482K, capacity 3562K, committed 3632K, reserved 1048576K
Event: 1096084.848 GC heap after
Heap after GC invocations=794 (full 1):
 PSYoungGen      total 31744K, used 400K [0x000000076c700000, 0x000000076e700000, 0x00000007c0000000)
  eden space 30720K, 0% used [0x000000076c700000,0x000000076c700000,0x000000076e500000)
  from space 1024K, 39% used [0x000000076e500000,0x000000076e564050,0x000000076e600000)
  to   space 1024K, 0% used [0x000000076e600000,0x000000076e600000,0x000000076e700000)
 ParOldGen       total 75776K, used 29533K [0x00000006c5400000, 0x00000006c9e00000, 0x000000076c700000)
  object space 75776K, 38% used [0x00000006c5400000,0x00000006c70d7530,0x00000006c9e00000)
 Metaspace       used 29061K, capacity 29329K, committed 29744K, reserved 1075200K
  class space    used 3482K, capacity 3562K, committed 3632K, reserved 1048576K
}
Event: 1096318.894 GC heap before
{Heap before GC invocations=795 (full 1):
 PSYoungGen      total 31744K, used 31120K [0x000000076c700000, 0x000000076e700000, 0x00000007c0000000)
  eden space 30720K, 100% used [0x000000076c700000,0x000000076e500000,0x000000076e500000)
  from space 1024K, 39% used [0x000000076e500000,0x000000076e564050,0x000000076e600000)
  to   space 1024K, 0% used [0x000000076e600000,0x000000076e600000,0x000000076e700000)
 ParOldGen       total 75776K, used 29533K [0x00000006c5400000, 0x00000006c9e00000, 0x000000076c700000)
  object space 75776K, 38% used [0x00000006c5400000,0x00000006c70d7530,0x00000006c9e00000)
 Metaspace       used 29098K, capacity 29329K, committed 29744K, reserved 1075200K
  class space    used 3482K, capacity 3562K, committed 3632K, reserved 1048576K
Event: 1096318.901 GC heap after
Heap after GC invocations=795 (full 1):
 PSYoungGen      total 30720K, used 1008K [0x000000076c700000, 0x000000076e900000, 0x00000007c0000000)
  eden space 29696K, 0% used [0x000000076c700000,0x000000076c700000,0x000000076e400000)
  from space 1024K, 98% used [0x000000076e600000,0x000000076e6fc140,0x000000076e700000)
  to   space 2048K, 0% used [0x000000076e400000,0x000000076e400000,0x000000076e600000)
 ParOldGen       total 75776K, used 32171K [0x00000006c5400000, 0x00000006c9e00000, 0x000000076c700000)
  object space 75776K, 42% used [0x00000006c5400000,0x00000006c736ac50,0x00000006c9e00000)
 Metaspace       used 29098K, capacity 29329K, committed 29744K, reserved 1075200K
  class space    used 3482K, capacity 3562K, committed 3632K, reserved 1048576K
}
Event: 1096506.904 GC heap before
{Heap before GC invocations=796 (full 1):
 PSYoungGen      total 30720K, used 30704K [0x000000076c700000, 0x000000076e900000, 0x00000007c0000000)
  eden space 29696K, 100% used [0x000000076c700000,0x000000076e400000,0x000000076e400000)
  from space 1024K, 98% used [0x000000076e600000,0x000000076e6fc140,0x000000076e700000)
  to   space 2048K, 0% used [0x000000076e400000,0x000000076e400000,0x000000076e600000)
 ParOldGen       total 75776K, used 32171K [0x00000006c5400000, 0x00000006c9e00000, 0x000000076c700000)
  object space 75776K, 42% used [0x00000006c5400000,0x00000006c736ac50,0x00000006c9e00000)
 Metaspace       used 29146K, capacity 29393K, committed 29744K, reserved 1075200K
  class space    used 3482K, capacity 3562K, committed 3632K, reserved 1048576K
Event: 1096506.910 GC heap after
Heap after GC invocations=796 (full 1):
 PSYoungGen      total 31744K, used 1120K [0x000000076c700000, 0x000000076e800000, 0x00000007c0000000)
  eden space 29696K, 0% used [0x000000076c700000,0x000000076c700000,0x000000076e400000)
  from space 2048K, 54% used [0x000000076e400000,0x000000076e518160,0x000000076e600000)
  to   space 2048K, 0% used [0x000000076e600000,0x000000076e600000,0x000000076e800000)
 ParOldGen       total 75776K, used 33083K [0x00000006c5400000, 0x00000006c9e00000, 0x000000076c700000)
  object space 75776K, 43% used [0x00000006c5400000,0x00000006c744eea0,0x00000006c9e00000)
 Metaspace       used 29146K, capacity 29393K, committed 29744K, reserved 1075200K
  class space    used 3482K, capacity 3562K, committed 3632K, reserved 1048576K
}

